生成启动时间为 2019/11/11 18:44:52。
     1>项目“E:\C语言编程\关于字符串的旋转\关于字符串的旋转\关于字符串的旋转.vcxproj”在节点 2 上(Build 个目标)。
     1>ClCompile:
         D:\VS2013\VC\bin\CL.exe /c /ZI /nologo /W3 /WX- /Od /Oy- /D WIN32 /D _DEBUG /D _CONSOLE /D _LIB /D _UNICODE /D UNICODE /Gm /EHsc /RTC1 /MDd /GS /fp:precise /Zc:wchar_t /Zc:forScope /Fo"Debug\\" /Fd"Debug\vc120.pdb" /Gd /TP /analyze- /errorReport:prompt Function.cpp text.cpp
         Function.cpp
     1>e:\c语言编程\关于字符串的旋转\关于字符串的旋转\function.cpp(58): warning C4996: 'strcpy': This function or variable may be unsafe. Consider using strcpy_s instead. To disable deprecation, use _CRT_SECURE_NO_WARNINGS. See online help for details.
                 d:\vs2013\vc\include\string.h(112) : 参见“strcpy”的声明
     1>e:\c语言编程\关于字符串的旋转\关于字符串的旋转\function.cpp(59): warning C4996: 'strcat': This function or variable may be unsafe. Consider using strcat_s instead. To disable deprecation, use _CRT_SECURE_NO_WARNINGS. See online help for details.
                 d:\vs2013\vc\include\string.h(118) : 参见“strcat”的声明
         正在生成代码...
         正在编译...
         text.cpp
         正在生成代码...
       Link:
         D:\VS2013\VC\bin\link.exe /ERRORREPORT:PROMPT /OUT:"E:\C语言编程\关于字符串的旋转\Debug\关于字符串的旋转.exe" /INCREMENTAL /NOLOGO kernel32.lib user32.lib gdi32.lib winspool.lib comdlg32.lib advapi32.lib shell32.lib ole32.lib oleaut32.lib uuid.lib odbc32.lib odbccp32.lib /MANIFEST /MANIFESTUAC:"level='asInvoker' uiAccess='false'" /manifest:embed /DEBUG /PDB:"E:\C语言编程\关于字符串的旋转\Debug\关于字符串的旋转.pdb" /SUBSYSTEM:CONSOLE /TLBID:1 /DYNAMICBASE /NXCOMPAT /IMPLIB:"E:\C语言编程\关于字符串的旋转\Debug\关于字符串的旋转.lib" /MACHINE:X86 Debug\Function.obj
         Debug\text.obj
         关于字符串的旋转.vcxproj -> E:\C语言编程\关于字符串的旋转\Debug\关于字符串的旋转.exe
     1>已完成生成项目“E:\C语言编程\关于字符串的旋转\关于字符串的旋转\关于字符串的旋转.vcxproj”(Build 个目标)的操作。

生成成功。

已用时间 00:00:00.39
